-- west build: making build dir /home/goutham/zephyr-course-ws/zephyr-course/build pristine
-- west build: generating a build system
Loading Zephyr default modules (Zephyr base).
-- Application: /home/goutham/zephyr-course-ws/zephyr-course/app
-- CMake version: 3.28.3
-- Found Python3: /home/goutham/zephyrproject/.venv/bin/python3 (found suitable version "3.12.3", minimum required is "3.10") found components: Interpreter 
-- Cache files will be written to: /home/goutham/.cache/zephyr
-- Zephyr version: 4.2.0 (/home/goutham/zephyr-course-ws/deps/zephyr)
-- Found west (found suitable version "1.5.0", minimum required is "0.14.0")
-- Board: frdm_mcxn947, qualifiers: mcxn947/cpu0
-- ZEPHYR_TOOLCHAIN_VARIANT not set, trying to locate Zephyr SDK
-- Found host-tools: zephyr 0.16.9 (/home/goutham/zephyr-sdk-0.16.9)
-- Found toolchain: zephyr 0.16.9 (/home/goutham/zephyr-sdk-0.16.9)
-- Found Dtc: /home/goutham/zephyr-sdk-0.16.9/sysroots/x86_64-pokysdk-linux/usr/bin/dtc (found suitable version "1.6.0", minimum required is "1.4.6") 
-- Found BOARD.dts: /home/goutham/zephyr-course-ws/deps/zephyr/boards/nxp/frdm_mcxn947/frdm_mcxn947_mcxn947_cpu0.dts
-- Generated zephyr.dts: /home/goutham/zephyr-course-ws/zephyr-course/build/zephyr/zephyr.dts
-- Generated pickled edt: /home/goutham/zephyr-course-ws/zephyr-course/build/zephyr/edt.pickle
-- Generated devicetree_generated.h: /home/goutham/zephyr-course-ws/zephyr-course/build/zephyr/include/generated/zephyr/devicetree_generated.h
Parsing /home/goutham/zephyr-course-ws/deps/zephyr/Kconfig
Loaded configuration '/home/goutham/zephyr-course-ws/deps/zephyr/boards/nxp/frdm_mcxn947/frdm_mcxn947_mcxn947_cpu0_defconfig'
Merged configuration '/home/goutham/zephyr-course-ws/zephyr-course/app/prj.conf'
Configuration saved to '/home/goutham/zephyr-course-ws/zephyr-course/build/zephyr/.config'
Kconfig header saved to '/home/goutham/zephyr-course-ws/zephyr-course/build/zephyr/include/generated/zephyr/autoconf.h'
-- Found GnuLd: /home/goutham/zephyr-sdk-0.16.9/arm-zephyr-eabi/arm-zephyr-eabi/bin/ld.bfd (found version "2.38") 
-- The C compiler identification is GNU 12.2.0
-- The CXX compiler identification is GNU 12.2.0
-- The ASM compiler identification is GNU
-- Found assembler: /home/goutham/zephyr-sdk-0.16.9/arm-zephyr-eabi/bin/arm-zephyr-eabi-gcc
-- Looking for device MCXN947 in /home/goutham/zephyr-course-ws/deps/modules/hal/nxp/mcux/mcux-sdk-ng/devices/
-- Found device folder: /home/goutham/zephyr-course-ws/deps/modules/hal/nxp/mcux/mcux-sdk-ng/devices/MCX/MCXN/MCXN947
-- Found gen_kobject_list: /home/goutham/zephyr-course-ws/deps/zephyr/scripts/build/gen_kobject_list.py
-- Configuring done (12.4s)
-- Generating done (0.1s)
-- Build files have been written to: /home/goutham/zephyr-course-ws/zephyr-course/build
-- west build: building application
[1/150] Preparing syscall dependency handling

[2/150] Generating include/generated/zephyr/version.h
-- Zephyr version: 4.2.0 (/home/goutham/zephyr-course-ws/deps/zephyr), build: v4.2.0
[3/150] Generating misc/generated/syscalls_subdirs.trigger
[4/150] Generating misc/generated/syscalls.json, misc/generated/struct_tags.json
[5/150] Generating include/generated/device-api-sections.ld, include/generated/device-api-sections.cmake
[6/150] Generating include/generated/zephyr/syscall_dispatch.c, include/generated/zephyr/syscall_exports_llext.c, syscall_weakdefs_llext.c, include/generated/zephyr/syscall_list.h
[7/150] Generating include/generated/zephyr/kobj-types-enum.h, include/generated/zephyr/otype-to-str.h, include/generated/zephyr/otype-to-size.h
[8/150] Generating include/generated/zephyr/driver-validation.h
[9/150] Building C object zephyr/CMakeFiles/offsets.dir/arch/arm/core/offsets/offsets.c.obj
[10/150] Generating include/generated/zephyr/offsets.h
[11/150] Building C object zephyr/CMakeFiles/zephyr.dir/lib/os/printk.c.obj
[12/150] Building C object zephyr/CMakeFiles/zephyr.dir/lib/os/assert.c.obj
[13/150] Building C object zephyr/CMakeFiles/zephyr.dir/lib/os/sem.c.obj
[14/150] Building C object zephyr/CMakeFiles/zephyr.dir/lib/utils/dec.c.obj
[15/150] Building C object zephyr/CMakeFiles/zephyr.dir/lib/heap/heap.c.obj
[16/150] Building C object zephyr/CMakeFiles/zephyr.dir/lib/os/mpsc_pbuf.c.obj
[17/150] Building C object zephyr/CMakeFiles/zephyr.dir/lib/utils/hex.c.obj
[18/150] Building C object zephyr/CMakeFiles/zephyr.dir/lib/os/cbprintf_complete.c.obj
[19/150] Building C object zephyr/CMakeFiles/zephyr.dir/lib/os/thread_entry.c.obj
[20/150] Building C object zephyr/CMakeFiles/zephyr.dir/lib/os/clock.c.obj
[21/150] Building C object zephyr/CMakeFiles/zephyr.dir/lib/utils/last_section_id.c.obj
[22/150] Building C object zephyr/CMakeFiles/zephyr.dir/misc/generated/configs.c.obj
[23/150] Building C object zephyr/CMakeFiles/zephyr.dir/lib/utils/timeutil.c.obj
[24/150] Building C object zephyr/CMakeFiles/zephyr.dir/lib/os/cbprintf_packaged.c.obj
[25/150] Building CXX object CMakeFiles/app.dir/src/main.cpp.obj
[26/150] Building C object zephyr/CMakeFiles/zephyr.dir/lib/utils/ring_buffer.c.obj
[27/150] Linking CXX static library app/libapp.a
[28/150] Building C object zephyr/CMakeFiles/zephyr.dir/subsys/logging/log_cache.c.obj
[29/150] Building C object zephyr/CMakeFiles/zephyr.dir/lib/utils/rb.c.obj
[30/150] Building C object zephyr/CMakeFiles/zephyr.dir/subsys/logging/log_mgmt.c.obj
[31/150] Building C object zephyr/CMakeFiles/zephyr.dir/lib/utils/bitarray.c.obj
[32/150] Building C object zephyr/CMakeFiles/zephyr.dir/soc/nxp/mcx/mcxn/soc.c.obj
[33/150] Generating linker_zephyr_pre0.cmd
[34/150] Building C object zephyr/CMakeFiles/zephyr_pre0.dir/misc/empty_file.c.obj
[35/150] Building C object zephyr/CMakeFiles/zephyr.dir/subsys/logging/log_msg.c.obj
[36/150] Building ASM object zephyr/arch/arch/arm/core/CMakeFiles/arch__arm__core.dir/nmi_on_reset.S.obj
[37/150] Building C object zephyr/CMakeFiles/zephyr.dir/subsys/tracing/tracing_none.c.obj
[38/150] Building C object zephyr/CMakeFiles/zephyr.dir/subsys/mem_mgmt/mem_attr.c.obj
[39/150] Building C object zephyr/CMakeFiles/zephyr.dir/subsys/logging/log_core.c.obj
[40/150] Building ASM object zephyr/arch/arch/arm/core/cortex_m/CMakeFiles/arch__arm__core__cortex_m.dir/fault_s.S.obj
[41/150] Building C object zephyr/CMakeFiles/zephyr.dir/subsys/logging/backends/log_backend_uart.c.obj
[42/150] Building C object zephyr/arch/common/CMakeFiles/arch__common.dir/sw_isr_common.c.obj
[43/150] Building C object zephyr/arch/common/CMakeFiles/isr_tables.dir/isr_tables.c.obj
[44/150] Linking C static library zephyr/arch/common/libisr_tables.a
[45/150] Building C object zephyr/CMakeFiles/zephyr.dir/subsys/logging/log_output.c.obj
[46/150] Linking C static library zephyr/arch/common/libarch__common.a
[47/150] Building ASM object zephyr/arch/arch/arm/core/cortex_m/CMakeFiles/arch__arm__core__cortex_m.dir/reset.S.obj
[48/150] Linking C static library zephyr/libzephyr.a
[49/150] Building C object zephyr/arch/arch/arm/core/CMakeFiles/arch__arm__core.dir/nmi.c.obj
[50/150] Building ASM object zephyr/arch/arch/arm/core/cortex_m/CMakeFiles/arch__arm__core__cortex_m.dir/vector_table.S.obj
[51/150] Building C object zephyr/arch/arch/arm/core/CMakeFiles/arch__arm__core.dir/fatal.c.obj
[52/150] Building ASM object zephyr/arch/arch/arm/core/cortex_m/CMakeFiles/arch__arm__core__cortex_m.dir/swap_helper.S.obj
[53/150] Building C object zephyr/arch/arch/arm/core/CMakeFiles/arch__arm__core.dir/tls.c.obj
[54/150] Linking C static library zephyr/arch/arch/arm/core/libarch__arm__core.a
[55/150] Building C object zephyr/arch/arch/arm/core/cortex_m/CMakeFiles/arch__arm__core__cortex_m.dir/exc_exit.c.obj
[56/150] Building C object zephyr/arch/arch/arm/core/cortex_m/CMakeFiles/arch__arm__core__cortex_m.dir/fpu.c.obj
[57/150] Building ASM object zephyr/arch/arch/arm/core/cortex_m/CMakeFiles/arch__arm__core__cortex_m.dir/__aeabi_read_tp.S.obj
[58/150] Building C object zephyr/arch/arch/arm/core/cortex_m/CMakeFiles/arch__arm__core__cortex_m.dir/scb.c.obj
[59/150] Building C object zephyr/arch/arch/arm/core/cortex_m/CMakeFiles/arch__arm__core__cortex_m.dir/prep_c.c.obj
[60/150] Building C object zephyr/arch/arch/arm/core/cortex_m/CMakeFiles/arch__arm__core__cortex_m.dir/thread_abort.c.obj
[61/150] Building C object zephyr/arch/arch/arm/core/cortex_m/CMakeFiles/arch__arm__core__cortex_m.dir/cpu_idle.c.obj
[62/150] Building C object zephyr/arch/arch/arm/core/cortex_m/CMakeFiles/arch__arm__core__cortex_m.dir/irq_manage.c.obj
[63/150] Building C object zephyr/arch/arch/arm/core/cortex_m/CMakeFiles/arch__arm__core__cortex_m.dir/irq_init.c.obj
[64/150] Building C object zephyr/arch/arch/arm/core/cortex_m/CMakeFiles/arch__arm__core__cortex_m.dir/thread.c.obj
[65/150] Building C object zephyr/arch/arch/arm/core/cortex_m/CMakeFiles/arch__arm__core__cortex_m.dir/isr_wrapper.c.obj
[66/150] Building C object zephyr/arch/arch/arm/core/mpu/CMakeFiles/arch__arm__core__mpu.dir/arm_core_mpu.c.obj
[67/150] Building C object zephyr/arch/arch/arm/core/cortex_m/cmse/CMakeFiles/arch__arm__core__cortex_m__cmse.dir/arm_core_cmse.c.obj
[68/150] Linking C static library zephyr/arch/arch/arm/core/cortex_m/cmse/libarch__arm__core__cortex_m__cmse.a
[69/150] Building C object zephyr/arch/arch/arm/core/mpu/CMakeFiles/arch__arm__core__mpu.dir/arm_mpu_regions.c.obj
[70/150] Building C object zephyr/lib/libc/picolibc/CMakeFiles/lib__libc__picolibc.dir/assert.c.obj
[71/150] Building C object zephyr/arch/arch/arm/core/cortex_m/CMakeFiles/arch__arm__core__cortex_m.dir/fault.c.obj
[72/150] Building C object zephyr/lib/libc/picolibc/CMakeFiles/lib__libc__picolibc.dir/chk_fail.c.obj
[73/150] Building C object zephyr/lib/libc/picolibc/CMakeFiles/lib__libc__picolibc.dir/errno_wrap.c.obj
[74/150] Building C object zephyr/lib/libc/picolibc/CMakeFiles/lib__libc__picolibc.dir/exit.c.obj
[75/150] Building C object zephyr/lib/libc/common/CMakeFiles/lib__libc__common.dir/source/time/time.c.obj
[76/150] Linking C static library zephyr/arch/arch/arm/core/cortex_m/libarch__arm__core__cortex_m.a
[77/150] Building C object zephyr/lib/libc/picolibc/CMakeFiles/lib__libc__picolibc.dir/cbprintf.c.obj
[78/150] Building C object zephyr/lib/libc/picolibc/CMakeFiles/lib__libc__picolibc.dir/locks.c.obj
[79/150] Building C object zephyr/arch/arch/arm/core/mpu/CMakeFiles/arch__arm__core__mpu.dir/arm_mpu.c.obj
[80/150] Linking C static library zephyr/arch/arch/arm/core/mpu/libarch__arm__core__mpu.a
[81/150] Building C object zephyr/lib/libc/picolibc/CMakeFiles/lib__libc__picolibc.dir/stdio.c.obj
[82/150] Building C object zephyr/lib/libc/common/CMakeFiles/lib__libc__common.dir/source/stdlib/abort.c.obj
[83/150] Linking C static library zephyr/lib/libc/picolibc/liblib__libc__picolibc.a
[84/150] Building C object zephyr/drivers/clock_control/CMakeFiles/drivers__clock_control.dir/clock_control_mcux_syscon.c.obj
[85/150] Building C object zephyr/lib/libc/common/CMakeFiles/lib__libc__common.dir/source/stdlib/malloc.c.obj
[86/150] Linking C static library zephyr/drivers/clock_control/libdrivers__clock_control.a
[87/150] Linking C static library zephyr/lib/libc/common/liblib__libc__common.a
[88/150] Building C object zephyr/boards/nxp/frdm_mcxn947/CMakeFiles/boards__nxp__frdm_mcxn947.dir/board.c.obj
[89/150] Building C object zephyr/drivers/pinctrl/CMakeFiles/drivers__pinctrl.dir/common.c.obj
[90/150] Linking C static library zephyr/boards/nxp/frdm_mcxn947/libboards__nxp__frdm_mcxn947.a
[91/150] Building C object zephyr/drivers/console/CMakeFiles/drivers__console.dir/uart_console.c.obj
[92/150] Building C object zephyr/drivers/gpio/CMakeFiles/drivers__gpio.dir/gpio_mcux.c.obj
[93/150] Building C object zephyr/drivers/mfd/CMakeFiles/drivers__mfd.dir/mfd_nxp_lp_flexcomm.c.obj
[94/150] Linking C static library zephyr/drivers/console/libdrivers__console.a
[95/150] Building C object zephyr/drivers/pinctrl/CMakeFiles/drivers__pinctrl.dir/pinctrl_nxp_port.c.obj
[96/150] Linking C static library zephyr/drivers/mfd/libdrivers__mfd.a
[97/150] Linking C static library zephyr/drivers/gpio/libdrivers__gpio.a
[98/150] Linking C static library zephyr/drivers/pinctrl/libdrivers__pinctrl.a
[99/150] Building C object zephyr/drivers/timer/CMakeFiles/drivers__timer.dir/sys_clock_init.c.obj
[100/150] Building C object modules/hal_nxp/CMakeFiles/modules__hal_nxp.dir/home/goutham/zephyr-course-ws/deps/modules/hal/nxp/mcux/mcux-sdk-ng/drivers/common/fsl_common.c.obj
[101/150] Building C object modules/hal_nxp/CMakeFiles/modules__hal_nxp.dir/home/goutham/zephyr-course-ws/deps/modules/hal/nxp/mcux/mcux-sdk-ng/drivers/common/fsl_common_arm.c.obj
[102/150] Building C object zephyr/drivers/serial/CMakeFiles/drivers__serial.dir/uart_mcux_lpuart.c.obj
[103/150] Linking C static library zephyr/drivers/serial/libdrivers__serial.a
[104/150] Building C object zephyr/drivers/timer/CMakeFiles/drivers__timer.dir/cortex_m_systick.c.obj
[105/150] Building C object modules/hal_nxp/CMakeFiles/modules__hal_nxp.dir/home/goutham/zephyr-course-ws/deps/modules/hal/nxp/mcux/mcux-sdk-ng/drivers/lpflexcomm/fsl_lpflexcomm.c.obj
[106/150] Linking C static library zephyr/drivers/timer/libdrivers__timer.a
[107/150] Building C object modules/hal_nxp/CMakeFiles/modules__hal_nxp.dir/home/goutham/zephyr-course-ws/deps/modules/hal/nxp/mcux/mcux-sdk-ng/devices/MCX/MCXN/MCXN947/system_MCXN947_cm33_core0.c.obj
[108/150] Building C object modules/hal_nxp/CMakeFiles/modules__hal_nxp.dir/home/goutham/zephyr-course-ws/deps/modules/hal/nxp/mcux/mcux-sdk-ng/drivers/cache/cache64/fsl_cache.c.obj
[109/150] Building C object modules/hal_nxp/CMakeFiles/modules__hal_nxp.dir/home/goutham/zephyr-course-ws/deps/modules/hal/nxp/mcux/mcux-sdk-ng/devices/MCX/MCXN/MCXN947/drivers/fsl_reset.c.obj
[110/150] Building C object zephyr/kernel/CMakeFiles/kernel.dir/device.c.obj
[111/150] Building C object modules/hal_nxp/CMakeFiles/modules__hal_nxp.dir/home/goutham/zephyr-course-ws/deps/modules/hal/nxp/mcux/mcux-sdk-ng/drivers/mcx_spc/fsl_spc.c.obj
[112/150] Building C object zephyr/kernel/CMakeFiles/kernel.dir/main_weak.c.obj
[113/150] Building C object modules/hal_nxp/CMakeFiles/modules__hal_nxp.dir/home/goutham/zephyr-course-ws/deps/modules/hal/nxp/mcux/mcux-sdk-ng/drivers/lpflexcomm/lpuart/fsl_lpuart.c.obj
[114/150] Building C object zephyr/kernel/CMakeFiles/kernel.dir/version.c.obj
[115/150] Building C object zephyr/kernel/CMakeFiles/kernel.dir/banner.c.obj
[116/150] Building C object zephyr/kernel/CMakeFiles/kernel.dir/busy_wait.c.obj
[117/150] Building C object zephyr/kernel/CMakeFiles/kernel.dir/errno.c.obj
[118/150] Building C object zephyr/kernel/CMakeFiles/kernel.dir/init.c.obj
[119/150] Building C object zephyr/kernel/CMakeFiles/kernel.dir/float.c.obj
[120/150] Building C object zephyr/kernel/CMakeFiles/kernel.dir/fatal.c.obj
[121/150] Building C object zephyr/kernel/CMakeFiles/kernel.dir/kheap.c.obj
[122/150] Building C object modules/hal_nxp/CMakeFiles/modules__hal_nxp.dir/home/goutham/zephyr-course-ws/deps/modules/hal/nxp/mcux/mcux-sdk-ng/devices/MCX/MCXN/MCXN947/drivers/fsl_clock.c.obj
[123/150] Building C object zephyr/kernel/CMakeFiles/kernel.dir/mem_slab.c.obj
[124/150] Building C object zephyr/kernel/CMakeFiles/kernel.dir/idle.c.obj
[125/150] Linking C static library modules/hal_nxp/libmodules__hal_nxp.a
[126/150] Building C object zephyr/kernel/CMakeFiles/kernel.dir/mailbox.c.obj
[127/150] Building C object zephyr/kernel/CMakeFiles/kernel.dir/msg_q.c.obj
[128/150] Building C object zephyr/kernel/CMakeFiles/kernel.dir/system_work_q.c.obj
[129/150] Building C object zephyr/kernel/CMakeFiles/kernel.dir/mutex.c.obj
[130/150] Building C object zephyr/kernel/CMakeFiles/kernel.dir/queue.c.obj
[131/150] Building C object zephyr/kernel/CMakeFiles/kernel.dir/sem.c.obj
[132/150] Building C object zephyr/kernel/CMakeFiles/kernel.dir/condvar.c.obj
[133/150] Building C object zephyr/kernel/CMakeFiles/kernel.dir/stack.c.obj
[134/150] Building C object zephyr/kernel/CMakeFiles/kernel.dir/thread.c.obj
[135/150] Building C object zephyr/kernel/CMakeFiles/kernel.dir/work.c.obj
[136/150] Building C object zephyr/kernel/CMakeFiles/kernel.dir/pipe.c.obj
[137/150] Building C object zephyr/kernel/CMakeFiles/kernel.dir/timeslicing.c.obj
[138/150] Building C object zephyr/kernel/CMakeFiles/kernel.dir/xip.c.obj
[139/150] Building C object zephyr/kernel/CMakeFiles/kernel.dir/mempool.c.obj
[140/150] Building C object zephyr/kernel/CMakeFiles/kernel.dir/timer.c.obj
[141/150] Building C object zephyr/kernel/CMakeFiles/kernel.dir/timeout.c.obj
[142/150] Building C object zephyr/kernel/CMakeFiles/kernel.dir/dynamic_disabled.c.obj
[143/150] Building C object zephyr/kernel/CMakeFiles/kernel.dir/sched.c.obj
[144/150] Linking C static library zephyr/kernel/libkernel.a
[145/150] Linking CXX executable zephyr/zephyr_pre0.elf
[146/150] Generating linker.cmd
[147/150] Generating isr_tables.c, isr_tables_vt.ld, isr_tables_swi.ld
[148/150] Building C object zephyr/CMakeFiles/zephyr_final.dir/misc/empty_file.c.obj
[149/150] Building C object zephyr/CMakeFiles/zephyr_final.dir/isr_tables.c.obj
[150/150] Linking CXX executable zephyr/zephyr.elf
Memory region         Used Size  Region Size  %age Used
           FLASH:       36060 B         2 MB      1.72%
             RAM:        7728 B       320 KB      2.36%
           SRAMX:          0 GB        96 KB      0.00%
        IDT_LIST:          0 GB        32 KB      0.00%
Generating files from /home/goutham/zephyr-course-ws/zephyr-course/build/zephyr/zephyr.elf for board: frdm_mcxn947
